<?xml version="1.0" encoding="UTF-8"?>
<!-- Generated by org.testng.reporters.JUnitXMLReporter -->
<testsuite hostname="Padma" name="Test" tests="12" failures="0" timestamp="16 Aug 2023 12:11:40 GMT" time="1.068" errors="0">
  <testcase name="tco1" time="0.011" classname="org.base.Groupings"/>
  <testcase name="tco2" time="0.0" classname="org.base.Groupings"/>
  <testcase name="tco3" time="0.0" classname="org.base.Groupings"/>
  <testcase name="tco4" time="0.001" classname="org.base.Groupings"/>
  <testcase name="tco5" time="0.0" classname="org.base.Groupings"/>
  <testcase name="tco6" time="0.001" classname="org.base.Groupings"/>
  <testcase name="tco7" time="0.001" classname="org.base.Groupings"/>
  <testcase name="tc01" time="0.001" classname="org.base.ProviderTest"/>
  <testcase name="tc01" time="0.001" classname="org.base.ProviderTest"/>
  <testcase name="tc01" time="0.001" classname="org.base.ProviderTest"/>
  <testcase name="tc01" time="0.001" classname="org.base.ProviderTest"/>
  <testcase name="tc01" time="0.001" classname="org.base.ProviderTest"/>
</testsuite> <!-- Test -->
